<?xml version="1.0" encoding="UTF-8"?>
<beans xmlns="http://www.springframework.org/schema/beans"
	xmlns:xsi="http://www.w3.org/2001/XMLSchema-instance" xmlns:tx="http://www.springframework.org/schema/tx"
	xsi:schemaLocation="http://www.springframework.org/schema/beans http://www.springframework.org/schema/beans/spring-beans-3.2.xsd
  http://www.springframework.org/schema/tx http://www.springframework.org/schema/tx/spring-tx-3.2.xsd
  http://www.springframework.org/schema/context http://www.springframework.org/schema/context/spring-context-3.2.xsd">

    <bean id="propertyConfigurer"
	     class="org.springframework.beans.factory.config.PropertyPlaceholderConfigurer">
	  <property name="location" value="file:../Web/src/test/resources/league.properties"/>
	</bean>

	<bean id="competitionSequenceIncrementer"
		class="org.springframework.jdbc.support.incrementer.HsqlMaxValueIncrementer">
		<constructor-arg index="0">
			<ref bean="dataSource" />
		</constructor-arg>
		<constructor-arg index="1">
			<value>COMPETITION</value>
		</constructor-arg>
		<constructor-arg index="2">
			<value>ID</value>
		</constructor-arg>
	</bean>
    
    <bean id="fixtureSequenceIncrementer"
		class="org.springframework.jdbc.support.incrementer.HsqlMaxValueIncrementer">
		<constructor-arg index="0">
			<ref bean="dataSource" />
		</constructor-arg>
		<constructor-arg index="1">
			<value>FIXTURE</value>
		</constructor-arg>
		<constructor-arg index="2">
			<value>ID</value>
		</constructor-arg>
	</bean>
	
    <bean id="playerSequenceIncrementer"
		class="org.springframework.jdbc.support.incrementer.HsqlMaxValueIncrementer">
		<constructor-arg index="0">
			<ref bean="dataSource" />
		</constructor-arg>
		<constructor-arg index="1">
			<value>PLAYER</value>
		</constructor-arg>
		<constructor-arg index="2">
			<value>ID</value>
		</constructor-arg>
	</bean>
	
    <bean id="resultSequenceIncrementer"
		class="org.springframework.jdbc.support.incrementer.HsqlMaxValueIncrementer">
		<constructor-arg index="0">
			<ref bean="dataSource" />
		</constructor-arg>
		<constructor-arg index="1">
			<value>RESULT</value>
		</constructor-arg>
		<constructor-arg index="2">
			<value>ID</value>
		</constructor-arg>
	</bean>
	
    <bean id="teamSequenceIncrementer"
		class="org.springframework.jdbc.support.incrementer.HsqlMaxValueIncrementer">
		<constructor-arg index="0">
			<ref bean="dataSource" />
		</constructor-arg>
		<constructor-arg index="1">
			<value>TEAM</value>
		</constructor-arg>
		<constructor-arg index="2">
			<value>ID</value>
		</constructor-arg>
	</bean>
	
    <bean id="userSequenceIncrementer"
		class="org.springframework.jdbc.support.incrementer.HsqlMaxValueIncrementer">
		<constructor-arg index="0">
			<ref bean="dataSource" />
		</constructor-arg>
		<constructor-arg index="1">
			<value>USER</value>
		</constructor-arg>
		<constructor-arg index="2">
			<value>ID</value>
		</constructor-arg>
	</bean>
</beans>